-- Found ament_cmake: 2.5.3 (/home/ubuntu/ros2_jazzy/install/ament_cmake/share/ament_cmake/cmake)
-- Override CMake install command with custom implementation using symlinks instead of copying resources
-- Found ament_lint_auto: 0.17.1 (/home/ubuntu/ros2_jazzy/install/ament_lint_auto/share/ament_lint_auto/cmake)
-- Added test 'copyright' to check source files copyright and LICENSE
-- Added test 'cppcheck' to perform static code analysis on C / C++ code
-- Configured cppcheck include dirs: 
-- Configured cppcheck exclude dirs and/or files: 
-- Added test 'cpplint' to check C / C++ code against the Google style
-- Configured cpplint exclude dirs and/or files: 
-- Added test 'flake8' to check Python code syntax and style conventions
-- Configured 'flake8' exclude dirs and/or files: 
-- Added test 'lint_cmake' to check CMake code style
-- Added test 'pep257' to check Python code against some of the docstring style conventions in PEP 257
-- Added test 'uncrustify' to check C / C++ code style
-- Configured uncrustify additional arguments: 
-- Added test 'xmllint' to check XML markup files
-- Configuring done (2.0s)
-- Generating done (0.2s)
-- Build files have been written to: /home/ubuntu/roscode/ros-test-bot/build/my_bot
-- Install configuration: ""
-- Execute custom install script
-- Symlinking: /home/ubuntu/roscode/ros-test-bot/install/my_bot/share/my_bot/config/empty.yaml
-- Symlinking: /home/ubuntu/roscode/ros-test-bot/install/my_bot/share/my_bot/description/robot.urdf.xacro
-- Symlinking: /home/ubuntu/roscode/ros-test-bot/install/my_bot/share/my_bot/launch/.rsp.launch.py.swp
-- Symlinking: /home/ubuntu/roscode/ros-test-bot/install/my_bot/share/my_bot/launch/rsp.launch.py
-- Symlinking: /home/ubuntu/roscode/ros-test-bot/install/my_bot/share/my_bot/worlds/empty.world
-- Symlinking: /home/ubuntu/roscode/ros-test-bot/install/my_bot/share/ament_index/resource_index/package_run_dependencies/my_bot
-- Symlinking: /home/ubuntu/roscode/ros-test-bot/install/my_bot/share/ament_index/resource_index/parent_prefix_path/my_bot
-- Up-to-date symlink: /home/ubuntu/roscode/ros-test-bot/install/my_bot/share/my_bot/environment/ament_prefix_path.sh
-- Symlinking: /home/ubuntu/roscode/ros-test-bot/install/my_bot/share/my_bot/environment/ament_prefix_path.dsv
-- Up-to-date symlink: /home/ubuntu/roscode/ros-test-bot/install/my_bot/share/my_bot/environment/path.sh
-- Symlinking: /home/ubuntu/roscode/ros-test-bot/install/my_bot/share/my_bot/environment/path.dsv
-- Symlinking: /home/ubuntu/roscode/ros-test-bot/install/my_bot/share/my_bot/local_setup.bash
-- Symlinking: /home/ubuntu/roscode/ros-test-bot/install/my_bot/share/my_bot/local_setup.sh
-- Symlinking: /home/ubuntu/roscode/ros-test-bot/install/my_bot/share/my_bot/local_setup.zsh
-- Symlinking: /home/ubuntu/roscode/ros-test-bot/install/my_bot/share/my_bot/local_setup.dsv
-- Symlinking: /home/ubuntu/roscode/ros-test-bot/install/my_bot/share/my_bot/package.dsv
-- Symlinking: /home/ubuntu/roscode/ros-test-bot/install/my_bot/share/ament_index/resource_index/packages/my_bot
-- Symlinking: /home/ubuntu/roscode/ros-test-bot/install/my_bot/share/my_bot/cmake/my_botConfig.cmake
-- Symlinking: /home/ubuntu/roscode/ros-test-bot/install/my_bot/share/my_bot/cmake/my_botConfig-version.cmake
-- Symlinking: /home/ubuntu/roscode/ros-test-bot/install/my_bot/share/my_bot/package.xml
