[0.317s] DEBUG:colcon:Command line arguments: ['/nix/store/lpqf6r10lxfyl37y3rmmgn2kjinja17q-python3.12-colcon-core-0.19.0/bin/colcon', 'build', '--symlink-install']
[0.317s] DEBUG:colcon:Parsed command line arguments: Namespace(log_base=None, log_level=None, verb_name='build', build_base='build', install_base='install', merge_install=False, symlink_install=True, test_result_base=None, continue_on_error=False, executor='parallel', parallel_workers=8, event_handlers=None, ignore_user_meta=False, metas=['./colcon.meta'], base_paths=['.'], packages_ignore=None, packages_ignore_regex=None, paths=None, packages_up_to=None, packages_up_to_regex=None, packages_above=None, packages_above_and_dependencies=None, packages_above_depth=None, packages_select_by_dep=None, packages_skip_by_dep=None, packages_skip_up_to=None, packages_select_build_failed=False, packages_skip_build_finished=False, packages_select_test_failures=False, packages_skip_test_passed=False, packages_select=None, packages_skip=None, packages_select_regex=None, packages_skip_regex=None, packages_start=None, packages_end=None, cmake_args=None, cmake_target=None, cmake_target_skip_unavailable=False, cmake_clean_cache=False, cmake_clean_first=False, cmake_force_configure=False, ament_cmake_args=None, catkin_cmake_args=None, catkin_skip_building_tests=False, mixin_files=None, mixin=None, verb_parser=<colcon_mixin.mixin.mixin_argument.MixinArgumentDecorator object at 0x7ffff5fb7110>, verb_extension=<colcon_core.verb.build.BuildVerb object at 0x7ffff5f32f60>, main=<bound method BuildVerb.main of <colcon_core.verb.build.BuildVerb object at 0x7ffff5f32f60>>, mixin_verb=('build',))
[0.386s] Level 1:colcon.colcon_core.package_discovery:discover_packages(colcon_meta) check parameters
[0.386s] Level 1:colcon.colcon_core.package_discovery:discover_packages(recursive) check parameters
[0.386s] Level 1:colcon.colcon_core.package_discovery:discover_packages(ignore) check parameters
[0.386s] Level 1:colcon.colcon_core.package_discovery:discover_packages(path) check parameters
[0.386s] Level 1:colcon.colcon_core.package_discovery:discover_packages(colcon_meta) discover
[0.386s] Level 1:colcon.colcon_core.package_discovery:discover_packages(recursive) discover
[0.386s] INFO:colcon.colcon_core.package_discovery:Crawling recursively for packages in '/run/media/nixuser/76E8-CACF/roscode/ros-test-bot'
[0.386s] Level 1:colcon.colcon_core.package_identification:_identify(.) by extensions ['ignore', 'ignore_ament_install']
[0.386s] Level 1:colcon.colcon_core.package_identification:_identify(.) by extension 'ignore'
[0.386s] Level 1:colcon.colcon_core.package_identification:_identify(.) by extension 'ignore_ament_install'
[0.386s] Level 1:colcon.colcon_core.package_identification:_identify(.) by extensions ['colcon_pkg']
[0.386s] Level 1:colcon.colcon_core.package_identification:_identify(.) by extension 'colcon_pkg'
[0.387s] Level 1:colcon.colcon_core.package_identification:_identify(.) by extensions ['colcon_meta']
[0.387s] Level 1:colcon.colcon_core.package_identification:_identify(.) by extension 'colcon_meta'
[0.387s] Level 1:colcon.colcon_core.package_identification:_identify(.) by extensions ['ros']
[0.387s] Level 1:colcon.colcon_core.package_identification:_identify(.) by extension 'ros'
[0.429s] DEBUG:colcon.colcon_core.package_identification:Package '.' with type 'ros.ament_cmake' and name 'my_bot'
[0.430s] Level 1:colcon.colcon_core.package_discovery:discover_packages(recursive) using defaults
[0.430s] Level 1:colcon.colcon_core.package_discovery:discover_packages(ignore) discover
[0.430s] Level 1:colcon.colcon_core.package_discovery:discover_packages(ignore) using defaults
[0.430s] Level 1:colcon.colcon_core.package_discovery:discover_packages(path) discover
[0.430s] Level 1:colcon.colcon_core.package_discovery:discover_packages(path) using defaults
[0.465s] Level 5:colcon.colcon_core.verb:set package 'my_bot' build argument 'cmake_args' from command line to 'None'
[0.465s] Level 5:colcon.colcon_core.verb:set package 'my_bot' build argument 'cmake_target' from command line to 'None'
[0.465s] Level 5:colcon.colcon_core.verb:set package 'my_bot' build argument 'cmake_target_skip_unavailable' from command line to 'False'
[0.465s] Level 5:colcon.colcon_core.verb:set package 'my_bot' build argument 'cmake_clean_cache' from command line to 'False'
[0.465s] Level 5:colcon.colcon_core.verb:set package 'my_bot' build argument 'cmake_clean_first' from command line to 'False'
[0.465s] Level 5:colcon.colcon_core.verb:set package 'my_bot' build argument 'cmake_force_configure' from command line to 'False'
[0.465s] Level 5:colcon.colcon_core.verb:set package 'my_bot' build argument 'ament_cmake_args' from command line to 'None'
[0.465s] Level 5:colcon.colcon_core.verb:set package 'my_bot' build argument 'catkin_cmake_args' from command line to 'None'
[0.465s] Level 5:colcon.colcon_core.verb:set package 'my_bot' build argument 'catkin_skip_building_tests' from command line to 'False'
[0.465s] DEBUG:colcon.colcon_core.verb:Building package 'my_bot' with the following arguments: {'ament_cmake_args': None, 'build_base': '/run/media/nixuser/76E8-CACF/roscode/ros-test-bot/build/my_bot', 'catkin_cmake_args': None, 'catkin_skip_building_tests': False, 'cmake_args': None, 'cmake_clean_cache': False, 'cmake_clean_first': False, 'cmake_force_configure': False, 'cmake_target': None, 'cmake_target_skip_unavailable': False, 'install_base': '/run/media/nixuser/76E8-CACF/roscode/ros-test-bot/install/my_bot', 'merge_install': False, 'path': '/run/media/nixuser/76E8-CACF/roscode/ros-test-bot', 'symlink_install': True, 'test_result_base': None}
[0.466s] INFO:colcon.colcon_core.executor:Executing jobs using 'parallel' executor
[0.467s] DEBUG:colcon.colcon_parallel_executor.executor.parallel:run_until_complete
[0.467s] INFO:colcon.colcon_ros.task.ament_cmake.build:Building ROS package in '/run/media/nixuser/76E8-CACF/roscode/ros-test-bot' with build type 'ament_cmake'
[0.467s] INFO:colcon.colcon_cmake.task.cmake.build:Building CMake package in '/run/media/nixuser/76E8-CACF/roscode/ros-test-bot'
[0.473s] INFO:colcon.colcon_core.plugin_system:Skipping extension 'colcon_core.shell.bat': Not used on non-Windows systems
[0.473s] DEBUG:colcon.colcon_core.shell:Skip shell extension 'dsv' for command environment
[0.475s] WARNING:colcon.colcon_ros.prefix_path.ament:The path '/nix/store/cmlzah9ji80b0ck54lh8q580j00961sc-ros-env' in the environment variable AMENT_PREFIX_PATH doesn't contain any 'local_setup.*' files.
[0.498s] DEBUG:colcon.colcon_core.event_handler.log_command:Invoking command in '/run/media/nixuser/76E8-CACF/roscode/ros-test-bot/build/my_bot': _=/nix/store/wdap4cr3bnm685f27y9bb6q5b6q18msl-coreutils-9.5/bin/env buildPhase={ echo "------------------------------------------------------------";
  echo " WARNING: the existence of this path is not guaranteed.";
  echo " It is an internal implementation detail for pkgs.mkShell.";
  echo "------------------------------------------------------------";
  echo;
  # Record all build inputs as runtime dependencies
  export;
} >> "$out" /nix/store/994klz9qlxkyp5p84psdci6n66za7ggr-python3.12-cmake-3.31.3/bin/cmake --build /run/media/nixuser/76E8-CACF/roscode/ros-test-bot/build/my_bot -- -j8 -l8
[0.589s] DEBUG:colcon.colcon_core.event_handler.log_command:Invoked command in '/run/media/nixuser/76E8-CACF/roscode/ros-test-bot/build/my_bot' returned '1': _=/nix/store/wdap4cr3bnm685f27y9bb6q5b6q18msl-coreutils-9.5/bin/env buildPhase={ echo "------------------------------------------------------------";
  echo " WARNING: the existence of this path is not guaranteed.";
  echo " It is an internal implementation detail for pkgs.mkShell.";
  echo "------------------------------------------------------------";
  echo;
  # Record all build inputs as runtime dependencies
  export;
} >> "$out" /nix/store/994klz9qlxkyp5p84psdci6n66za7ggr-python3.12-cmake-3.31.3/bin/cmake --build /run/media/nixuser/76E8-CACF/roscode/ros-test-bot/build/my_bot -- -j8 -l8
[0.593s] Level 1:colcon.colcon_core.environment:create_environment_scripts_only(my_bot)
[0.602s] Level 1:colcon.colcon_core.environment:checking '/run/media/nixuser/76E8-CACF/roscode/ros-test-bot/install/my_bot' for CMake module files
[0.642s] Level 1:colcon.colcon_core.environment:checking '/run/media/nixuser/76E8-CACF/roscode/ros-test-bot/install/my_bot' for CMake config files
[0.682s] Level 1:colcon.colcon_core.environment:checking '/run/media/nixuser/76E8-CACF/roscode/ros-test-bot/install/my_bot/bin'
[0.682s] Level 1:colcon.colcon_core.environment:checking '/run/media/nixuser/76E8-CACF/roscode/ros-test-bot/install/my_bot/lib/pkgconfig/my_bot.pc'
[0.684s] Level 1:colcon.colcon_core.environment:checking '/run/media/nixuser/76E8-CACF/roscode/ros-test-bot/install/my_bot/lib/python3.12/site-packages'
[0.684s] Level 1:colcon.colcon_core.environment:checking '/run/media/nixuser/76E8-CACF/roscode/ros-test-bot/install/my_bot/bin'
[0.684s] INFO:colcon.colcon_core.shell:Creating package descriptor '/run/media/nixuser/76E8-CACF/roscode/ros-test-bot/install/my_bot/share/my_bot/package.dsv'
[0.685s] INFO:colcon.colcon_core.shell:Creating package script '/run/media/nixuser/76E8-CACF/roscode/ros-test-bot/install/my_bot/share/my_bot/package.sh'
[0.686s] INFO:colcon.colcon_core.shell:Creating package script '/run/media/nixuser/76E8-CACF/roscode/ros-test-bot/install/my_bot/share/my_bot/package.bash'
[0.688s] INFO:colcon.colcon_core.shell:Creating package script '/run/media/nixuser/76E8-CACF/roscode/ros-test-bot/install/my_bot/share/my_bot/package.zsh'
[0.689s] Level 1:colcon.colcon_core.environment:create_file_with_runtime_dependencies(/run/media/nixuser/76E8-CACF/roscode/ros-test-bot/install/my_bot/share/colcon-core/packages/my_bot)
[0.700s] DEBUG:colcon.colcon_parallel_executor.executor.parallel:closing loop
[0.700s] DEBUG:colcon.colcon_parallel_executor.executor.parallel:loop closed
[0.700s] DEBUG:colcon.colcon_parallel_executor.executor.parallel:run_until_complete finished with '1'
[0.700s] DEBUG:colcon.colcon_core.event_reactor:joining thread
[0.721s] INFO:colcon.colcon_core.plugin_system:Skipping extension 'colcon_notification.desktop_notification.terminal_notifier': Not used on non-Darwin systems
[0.721s] INFO:colcon.colcon_core.plugin_system:Skipping extension 'colcon_notification.desktop_notification.win32': Not used on non-Windows systems
[0.721s] INFO:colcon.colcon_notification.desktop_notification:Sending desktop notification using 'notify2'
[0.738s] DEBUG:colcon.colcon_core.event_reactor:joined thread
[0.738s] INFO:colcon.colcon_core.shell:Creating prefix script '/run/media/nixuser/76E8-CACF/roscode/ros-test-bot/install/local_setup.sh'
[0.740s] INFO:colcon.colcon_core.shell:Creating prefix util module '/run/media/nixuser/76E8-CACF/roscode/ros-test-bot/install/_local_setup_util_sh.py'
[0.741s] INFO:colcon.colcon_core.shell:Creating prefix chain script '/run/media/nixuser/76E8-CACF/roscode/ros-test-bot/install/setup.sh'
[0.742s] INFO:colcon.colcon_core.shell:Creating prefix script '/run/media/nixuser/76E8-CACF/roscode/ros-test-bot/install/local_setup.bash'
[0.743s] INFO:colcon.colcon_core.shell:Creating prefix chain script '/run/media/nixuser/76E8-CACF/roscode/ros-test-bot/install/setup.bash'
[0.744s] INFO:colcon.colcon_core.shell:Creating prefix script '/run/media/nixuser/76E8-CACF/roscode/ros-test-bot/install/local_setup.zsh'
[0.745s] INFO:colcon.colcon_core.shell:Creating prefix chain script '/run/media/nixuser/76E8-CACF/roscode/ros-test-bot/install/setup.zsh'
